  core.cpp
C:\Users\555\Documents\Visual Studio 2010\Projects\on4d_GLX\on4d_GLr2\constants.h(5,1): warning C4005: 'MAX_PATH': マクロが再定義されました。
C:\Program Files (x86)\Windows Kits\10\Include\10.0.17763.0\shared\minwindef.h(60): message : 'MAX_PATH' の以前の定義を確認してください
C:\Users\555\Documents\Visual Studio 2010\Projects\on4d_GLX\on4d_GLr2\core.cpp(63,11): warning C4018: '<=': signed と unsigned の数値を比較しようとしました。
C:\Users\555\Documents\Visual Studio 2010\Projects\on4d_GLX\on4d_GLr2\core.cpp(55,5): warning C4996: 'freopen': This function or variable may be unsafe. Consider using freopen_s instead. To disable deprecation, use _CRT_SECURE_NO_WARNINGS. See online help for details.
C:\Users\555\Documents\Visual Studio 2010\Projects\on4d_GLX\on4d_GLr2\core.cpp(56,5): warning C4996: 'freopen': This function or variable may be unsafe. Consider using freopen_s instead. To disable deprecation, use _CRT_SECURE_NO_WARNINGS. See online help for details.
C:\Users\555\Documents\Visual Studio 2010\Projects\on4d_GLX\on4d_GLr2\core.cpp(141,40): warning C4302: '型キャスト': 'LPSTR' から 'WORD' へ切り詰めます。
  draw3.cpp
C:\Users\555\Documents\Visual Studio 2010\Projects\on4d_GLX\on4d_GLr2\constants.h(5,1): warning C4005: 'MAX_PATH': マクロが再定義されました。
C:\Program Files (x86)\Windows Kits\10\Include\10.0.17763.0\shared\minwindef.h(60): message : 'MAX_PATH' の以前の定義を確認してください
C:\Users\555\Documents\Visual Studio 2010\Projects\on4d_GLX\on4d_GLr2\draw3.cpp(39,13): warning C4244: '初期化中': 'double' から 'float' への変換です。データが失われる可能性があります。
C:\Users\555\Documents\Visual Studio 2010\Projects\on4d_GLX\on4d_GLr2\draw3.cpp(99,28): warning C4018: '<': signed と unsigned の数値を比較しようとしました。
C:\Users\555\Documents\Visual Studio 2010\Projects\on4d_GLX\on4d_GLr2\draw3.cpp(105,15): warning C4018: '<': signed と unsigned の数値を比較しようとしました。
C:\Users\555\Documents\Visual Studio 2010\Projects\on4d_GLX\on4d_GLr2\draw3.cpp(170,58): warning C4244: '引数': 'double' から 'GLfloat' への変換です。データが失われる可能性があります。
C:\Users\555\Documents\Visual Studio 2010\Projects\on4d_GLX\on4d_GLr2\draw3.cpp(170,49): warning C4244: '引数': 'double' から 'GLfloat' への変換です。データが失われる可能性があります。
C:\Users\555\Documents\Visual Studio 2010\Projects\on4d_GLX\on4d_GLr2\draw3.cpp(170,31): warning C4244: '引数': 'double' から 'GLfloat' への変換です。データが失われる可能性があります。
C:\Users\555\Documents\Visual Studio 2010\Projects\on4d_GLX\on4d_GLr2\draw3.cpp(182,29): warning C4305: '初期化中': 'double' から 'float' へ切り詰めます。
C:\Users\555\Documents\Visual Studio 2010\Projects\on4d_GLX\on4d_GLr2\draw3.cpp(184,49): warning C4305: '初期化中': 'double' から 'float' へ切り詰めます。
C:\Users\555\Documents\Visual Studio 2010\Projects\on4d_GLX\on4d_GLr2\draw3.cpp(185,52): warning C4305: '初期化中': 'double' から 'float' へ切り詰めます。
  draw3GL4.cpp
C:\Users\555\Documents\Visual Studio 2010\Projects\on4d_GLX\on4d_GLr2\draw3GL4.cpp(35,44): warning C4305: '引数': 'double' から 'GLclampf' へ切り詰めます。
C:\Users\555\Documents\Visual Studio 2010\Projects\on4d_GLX\on4d_GLr2\draw3GL4.cpp(44,57): warning C4244: '引数': 'double' から 'GLfloat' への変換です。データが失われる可能性があります。
C:\Users\555\Documents\Visual Studio 2010\Projects\on4d_GLX\on4d_GLr2\draw3GL4.cpp(44,48): warning C4244: '引数': 'double' から 'GLfloat' への変換です。データが失われる可能性があります。
C:\Users\555\Documents\Visual Studio 2010\Projects\on4d_GLX\on4d_GLr2\draw3GL4.cpp(49,57): warning C4244: '引数': 'double' から 'GLfloat' への変換です。データが失われる可能性があります。
C:\Users\555\Documents\Visual Studio 2010\Projects\on4d_GLX\on4d_GLr2\draw3GL4.cpp(49,48): warning C4244: '引数': 'double' から 'GLfloat' への変換です。データが失われる可能性があります。
C:\Users\555\Documents\Visual Studio 2010\Projects\on4d_GLX\on4d_GLr2\draw3GL4.cpp(52,57): warning C4244: '引数': 'double' から 'GLfloat' への変換です。データが失われる可能性があります。
C:\Users\555\Documents\Visual Studio 2010\Projects\on4d_GLX\on4d_GLr2\draw3GL4.cpp(52,48): warning C4244: '引数': 'double' から 'GLfloat' への変換です。データが失われる可能性があります。
C:\Users\555\Documents\Visual Studio 2010\Projects\on4d_GLX\on4d_GLr2\draw3GL4.cpp(80,54): warning C4244: '引数': 'double' から 'GLfloat' への変換です。データが失われる可能性があります。
C:\Users\555\Documents\Visual Studio 2010\Projects\on4d_GLX\on4d_GLr2\draw3GL4.cpp(80,46): warning C4244: '引数': 'double' から 'GLfloat' への変換です。データが失われる可能性があります。
C:\Users\555\Documents\Visual Studio 2010\Projects\on4d_GLX\on4d_GLr2\draw3GL4.cpp(80,38): warning C4244: '引数': 'double' から 'GLfloat' への変換です。データが失われる可能性があります。
C:\Users\555\Documents\Visual Studio 2010\Projects\on4d_GLX\on4d_GLr2\draw3GL4.cpp(123,61): warning C4244: '引数': 'double' から 'GLfloat' への変換です。データが失われる可能性があります。
C:\Users\555\Documents\Visual Studio 2010\Projects\on4d_GLX\on4d_GLr2\draw3GL4.cpp(123,46): warning C4244: '引数': 'double' から 'GLfloat' への変換です。データが失われる可能性があります。
C:\Users\555\Documents\Visual Studio 2010\Projects\on4d_GLX\on4d_GLr2\draw3GL4.cpp(123,31): warning C4244: '引数': 'double' から 'GLfloat' への変換です。データが失われる可能性があります。
C:\Users\555\Documents\Visual Studio 2010\Projects\on4d_GLX\on4d_GLr2\draw3GL4.cpp(125,70): warning C4244: '引数': 'double' から 'GLfloat' への変換です。データが失われる可能性があります。
C:\Users\555\Documents\Visual Studio 2010\Projects\on4d_GLX\on4d_GLr2\draw3GL4.cpp(125,52): warning C4244: '引数': 'double' から 'GLfloat' への変換です。データが失われる可能性があります。
C:\Users\555\Documents\Visual Studio 2010\Projects\on4d_GLX\on4d_GLr2\draw3GL4.cpp(125,34): warning C4244: '引数': 'double' から 'GLfloat' への変換です。データが失われる可能性があります。
C:\Users\555\Documents\Visual Studio 2010\Projects\on4d_GLX\on4d_GLr2\draw3GL4.cpp(127,64): warning C4244: '引数': 'double' から 'GLfloat' への変換です。データが失われる可能性があります。
C:\Users\555\Documents\Visual Studio 2010\Projects\on4d_GLX\on4d_GLr2\draw3GL4.cpp(127,48): warning C4244: '引数': 'double' から 'GLfloat' への変換です。データが失われる可能性があります。
C:\Users\555\Documents\Visual Studio 2010\Projects\on4d_GLX\on4d_GLr2\draw3GL4.cpp(127,32): warning C4244: '引数': 'double' から 'GLfloat' への変換です。データが失われる可能性があります。
C:\Users\555\Documents\Visual Studio 2010\Projects\on4d_GLX\on4d_GLr2\draw3GL4.cpp(208,61): warning C4244: '引数': 'double' から 'GLfloat' への変換です。データが失われる可能性があります。
C:\Users\555\Documents\Visual Studio 2010\Projects\on4d_GLX\on4d_GLr2\draw3GL4.cpp(208,46): warning C4244: '引数': 'double' から 'GLfloat' への変換です。データが失われる可能性があります。
C:\Users\555\Documents\Visual Studio 2010\Projects\on4d_GLX\on4d_GLr2\draw3GL4.cpp(208,31): warning C4244: '引数': 'double' から 'GLfloat' への変換です。データが失われる可能性があります。
C:\Users\555\Documents\Visual Studio 2010\Projects\on4d_GLX\on4d_GLr2\draw3GL4.cpp(210,70): warning C4244: '引数': 'double' から 'GLfloat' への変換です。データが失われる可能性があります。
C:\Users\555\Documents\Visual Studio 2010\Projects\on4d_GLX\on4d_GLr2\draw3GL4.cpp(210,52): warning C4244: '引数': 'double' から 'GLfloat' への変換です。データが失われる可能性があります。
C:\Users\555\Documents\Visual Studio 2010\Projects\on4d_GLX\on4d_GLr2\draw3GL4.cpp(210,34): warning C4244: '引数': 'double' から 'GLfloat' への変換です。データが失われる可能性があります。
C:\Users\555\Documents\Visual Studio 2010\Projects\on4d_GLX\on4d_GLr2\draw3GL4.cpp(212,64): warning C4244: '引数': 'double' から 'GLfloat' への変換です。データが失われる可能性があります。
C:\Users\555\Documents\Visual Studio 2010\Projects\on4d_GLX\on4d_GLr2\draw3GL4.cpp(212,48): warning C4244: '引数': 'double' から 'GLfloat' への変換です。データが失われる可能性があります。
C:\Users\555\Documents\Visual Studio 2010\Projects\on4d_GLX\on4d_GLr2\draw3GL4.cpp(212,32): warning C4244: '引数': 'double' から 'GLfloat' への変換です。データが失われる可能性があります。
  GLM: perspective function taking degrees as a parameter is deprecated. #define GLM_FORCE_RADIANS before including GLM headers to remove this message.
  engine3d.cpp
C:\Users\555\Documents\Visual Studio 2010\Projects\on4d_GLX\on4d_GLr2\engine3d.cpp(245,44): warning C4244: '=': 'double' から 'float' への変換です。データが失われる可能性があります。
C:\Users\555\Documents\Visual Studio 2010\Projects\on4d_GLX\on4d_GLr2\engine3d.cpp(246,44): warning C4244: '=': 'double' から 'float' への変換です。データが失われる可能性があります。
C:\Users\555\Documents\Visual Studio 2010\Projects\on4d_GLX\on4d_GLr2\engine3d.cpp(247,44): warning C4244: '=': 'double' から 'float' への変換です。データが失われる可能性があります。
C:\Users\555\Documents\Visual Studio 2010\Projects\on4d_GLX\on4d_GLr2\engine3d.cpp(250,39): warning C4244: '=': 'double' から 'float' への変換です。データが失われる可能性があります。
C:\Users\555\Documents\Visual Studio 2010\Projects\on4d_GLX\on4d_GLr2\engine3d.cpp(252,48): warning C4244: '=': 'double' から 'float' への変換です。データが失われる可能性があります。
C:\Users\555\Documents\Visual Studio 2010\Projects\on4d_GLX\on4d_GLr2\engine3d.cpp(253,48): warning C4244: '=': 'double' から 'float' への変換です。データが失われる可能性があります。
C:\Users\555\Documents\Visual Studio 2010\Projects\on4d_GLX\on4d_GLr2\engine3d.cpp(254,49): warning C4244: '=': 'double' から 'float' への変換です。データが失われる可能性があります。
C:\Users\555\Documents\Visual Studio 2010\Projects\on4d_GLX\on4d_GLr2\engine3d.cpp(257,40): warning C4244: '=': 'double' から 'float' への変換です。データが失われる可能性があります。
C:\Users\555\Documents\Visual Studio 2010\Projects\on4d_GLX\on4d_GLr2\engine3d.cpp(633,12): warning C4244: '引数': 'time_t' から 'unsigned int' への変換です。データが失われる可能性があります。
  engine3dGL.cpp
C:\Users\555\Documents\Visual Studio 2010\Projects\on4d_GLX\on4d_GLr2\engine3dGL.cpp(95,21): warning C4018: '<': signed と unsigned の数値を比較しようとしました。
C:\Users\555\Documents\Visual Studio 2010\Projects\on4d_GLX\on4d_GLr2\engine3dGL.cpp(98,36): warning C4244: '=': 'double' から 'float' への変換です。データが失われる可能性があります。
C:\Users\555\Documents\Visual Studio 2010\Projects\on4d_GLX\on4d_GLr2\engine3dGL.cpp(99,36): warning C4244: '=': 'double' から 'float' への変換です。データが失われる可能性があります。
C:\Users\555\Documents\Visual Studio 2010\Projects\on4d_GLX\on4d_GLr2\engine3dGL.cpp(100,36): warning C4244: '=': 'double' から 'float' への変換です。データが失われる可能性があります。
C:\Users\555\Documents\Visual Studio 2010\Projects\on4d_GLX\on4d_GLr2\engine3dGL.cpp(102,36): warning C4244: '=': 'double' から 'float' への変換です。データが失われる可能性があります。
C:\Users\555\Documents\Visual Studio 2010\Projects\on4d_GLX\on4d_GLr2\engine3dGL.cpp(103,36): warning C4244: '=': 'double' から 'float' への変換です。データが失われる可能性があります。
C:\Users\555\Documents\Visual Studio 2010\Projects\on4d_GLX\on4d_GLr2\engine3dGL.cpp(104,36): warning C4244: '=': 'double' から 'float' への変換です。データが失われる可能性があります。
C:\Users\555\Documents\Visual Studio 2010\Projects\on4d_GLX\on4d_GLr2\engine3dGL.cpp(106,37): warning C4244: '=': 'double' から 'float' への変換です。データが失われる可能性があります。
C:\Users\555\Documents\Visual Studio 2010\Projects\on4d_GLX\on4d_GLr2\engine3dGL.cpp(107,37): warning C4244: '=': 'double' から 'float' への変換です。データが失われる可能性があります。
C:\Users\555\Documents\Visual Studio 2010\Projects\on4d_GLX\on4d_GLr2\engine3dGL.cpp(121,21): warning C4018: '<': signed と unsigned の数値を比較しようとしました。
C:\Users\555\Documents\Visual Studio 2010\Projects\on4d_GLX\on4d_GLr2\engine3dGL.cpp(123,35): warning C4244: '=': 'double' から 'float' への変換です。データが失われる可能性があります。
C:\Users\555\Documents\Visual Studio 2010\Projects\on4d_GLX\on4d_GLr2\engine3dGL.cpp(124,35): warning C4244: '=': 'double' から 'float' への変換です。データが失われる可能性があります。
C:\Users\555\Documents\Visual Studio 2010\Projects\on4d_GLX\on4d_GLr2\engine3dGL.cpp(125,35): warning C4244: '=': 'double' から 'float' への変換です。データが失われる可能性があります。
C:\Users\555\Documents\Visual Studio 2010\Projects\on4d_GLX\on4d_GLr2\engine3dGL.cpp(128,43): warning C4244: '=': 'double' から 'float' への変換です。データが失われる可能性があります。
C:\Users\555\Documents\Visual Studio 2010\Projects\on4d_GLX\on4d_GLr2\engine3dGL.cpp(130,35): warning C4244: '=': 'double' から 'float' への変換です。データが失われる可能性があります。
C:\Users\555\Documents\Visual Studio 2010\Projects\on4d_GLX\on4d_GLr2\engine3dGL.cpp(131,35): warning C4244: '=': 'double' から 'float' への変換です。データが失われる可能性があります。
C:\Users\555\Documents\Visual Studio 2010\Projects\on4d_GLX\on4d_GLr2\engine3dGL.cpp(132,36): warning C4244: '=': 'double' から 'float' への変換です。データが失われる可能性があります。
C:\Users\555\Documents\Visual Studio 2010\Projects\on4d_GLX\on4d_GLr2\engine3dGL.cpp(135,44): warning C4244: '=': 'double' から 'float' への変換です。データが失われる可能性があります。
C:\Users\555\Documents\Visual Studio 2010\Projects\on4d_GLX\on4d_GLr2\engine3dGL.cpp(161,21): warning C4018: '<': signed と unsigned の数値を比較しようとしました。
C:\Users\555\Documents\Visual Studio 2010\Projects\on4d_GLX\on4d_GLr2\engine3dGL.cpp(164,36): warning C4244: '=': 'double' から 'float' への変換です。データが失われる可能性があります。
C:\Users\555\Documents\Visual Studio 2010\Projects\on4d_GLX\on4d_GLr2\engine3dGL.cpp(165,36): warning C4244: '=': 'double' から 'float' への変換です。データが失われる可能性があります。
C:\Users\555\Documents\Visual Studio 2010\Projects\on4d_GLX\on4d_GLr2\engine3dGL.cpp(166,36): warning C4244: '=': 'double' から 'float' への変換です。データが失われる可能性があります。
C:\Users\555\Documents\Visual Studio 2010\Projects\on4d_GLX\on4d_GLr2\engine3dGL.cpp(168,36): warning C4244: '=': 'double' から 'float' への変換です。データが失われる可能性があります。
C:\Users\555\Documents\Visual Studio 2010\Projects\on4d_GLX\on4d_GLr2\engine3dGL.cpp(169,36): warning C4244: '=': 'double' から 'float' への変換です。データが失われる可能性があります。
C:\Users\555\Documents\Visual Studio 2010\Projects\on4d_GLX\on4d_GLr2\engine3dGL.cpp(170,36): warning C4244: '=': 'double' から 'float' への変換です。データが失われる可能性があります。
C:\Users\555\Documents\Visual Studio 2010\Projects\on4d_GLX\on4d_GLr2\engine3dGL.cpp(173,36): warning C4244: '=': 'double' から 'float' への変換です。データが失われる可能性があります。
C:\Users\555\Documents\Visual Studio 2010\Projects\on4d_GLX\on4d_GLr2\engine3dGL.cpp(174,36): warning C4244: '=': 'double' から 'float' への変換です。データが失われる可能性があります。
C:\Users\555\Documents\Visual Studio 2010\Projects\on4d_GLX\on4d_GLr2\engine3dGL.cpp(175,36): warning C4244: '=': 'double' から 'float' への変換です。データが失われる可能性があります。
C:\Users\555\Documents\Visual Studio 2010\Projects\on4d_GLX\on4d_GLr2\engine3dGL.cpp(177,36): warning C4244: '=': 'double' から 'float' への変換です。データが失われる可能性があります。
C:\Users\555\Documents\Visual Studio 2010\Projects\on4d_GLX\on4d_GLr2\engine3dGL.cpp(178,37): warning C4244: '=': 'double' から 'float' への変換です。データが失われる可能性があります。
C:\Users\555\Documents\Visual Studio 2010\Projects\on4d_GLX\on4d_GLr2\engine3dGL.cpp(179,37): warning C4244: '=': 'double' から 'float' への変換です。データが失われる可能性があります。
C:\Users\555\Documents\Visual Studio 2010\Projects\on4d_GLX\on4d_GLr2\engine3dGL.cpp(181,37): warning C4244: '=': 'double' から 'float' への変換です。データが失われる可能性があります。
C:\Users\555\Documents\Visual Studio 2010\Projects\on4d_GLX\on4d_GLr2\engine3dGL.cpp(182,37): warning C4244: '=': 'double' から 'float' への変換です。データが失われる可能性があります。
C:\Users\555\Documents\Visual Studio 2010\Projects\on4d_GLX\on4d_GLr2\engine3dGL.cpp(183,37): warning C4244: '=': 'double' から 'float' への変換です。データが失われる可能性があります。
C:\Users\555\Documents\Visual Studio 2010\Projects\on4d_GLX\on4d_GLr2\engine3dGL.cpp(187,38): warning C4244: '=': 'double' から 'float' への変換です。データが失われる可能性があります。
C:\Users\555\Documents\Visual Studio 2010\Projects\on4d_GLX\on4d_GLr2\engine3dGL.cpp(188,38): warning C4244: '=': 'double' から 'float' への変換です。データが失われる可能性があります。
C:\Users\555\Documents\Visual Studio 2010\Projects\on4d_GLX\on4d_GLr2\engine3dGL.cpp(190,38): warning C4244: '=': 'double' から 'float' への変換です。データが失われる可能性があります。
C:\Users\555\Documents\Visual Studio 2010\Projects\on4d_GLX\on4d_GLr2\engine3dGL.cpp(191,38): warning C4244: '=': 'double' から 'float' への変換です。データが失われる可能性があります。
C:\Users\555\Documents\Visual Studio 2010\Projects\on4d_GLX\on4d_GLr2\engine3dGL.cpp(193,38): warning C4244: '=': 'double' から 'float' への変換です。データが失われる可能性があります。
C:\Users\555\Documents\Visual Studio 2010\Projects\on4d_GLX\on4d_GLr2\engine3dGL.cpp(194,38): warning C4244: '=': 'double' から 'float' への変換です。データが失われる可能性があります。
C:\Users\555\Documents\Visual Studio 2010\Projects\on4d_GLX\on4d_GLr2\engine3dGL.cpp(211,21): warning C4018: '<': signed と unsigned の数値を比較しようとしました。
C:\Users\555\Documents\Visual Studio 2010\Projects\on4d_GLX\on4d_GLr2\engine3dGL.cpp(213,35): warning C4244: '=': 'double' から 'float' への変換です。データが失われる可能性があります。
C:\Users\555\Documents\Visual Studio 2010\Projects\on4d_GLX\on4d_GLr2\engine3dGL.cpp(214,35): warning C4244: '=': 'double' から 'float' への変換です。データが失われる可能性があります。
C:\Users\555\Documents\Visual Studio 2010\Projects\on4d_GLX\on4d_GLr2\engine3dGL.cpp(215,35): warning C4244: '=': 'double' から 'float' への変換です。データが失われる可能性があります。
C:\Users\555\Documents\Visual Studio 2010\Projects\on4d_GLX\on4d_GLr2\engine3dGL.cpp(218,43): warning C4244: '=': 'double' から 'float' への変換です。データが失われる可能性があります。
C:\Users\555\Documents\Visual Studio 2010\Projects\on4d_GLX\on4d_GLr2\engine3dGL.cpp(220,35): warning C4244: '=': 'double' から 'float' への変換です。データが失われる可能性があります。
C:\Users\555\Documents\Visual Studio 2010\Projects\on4d_GLX\on4d_GLr2\engine3dGL.cpp(221,35): warning C4244: '=': 'double' から 'float' への変換です。データが失われる可能性があります。
C:\Users\555\Documents\Visual Studio 2010\Projects\on4d_GLX\on4d_GLr2\engine3dGL.cpp(222,36): warning C4244: '=': 'double' から 'float' への変換です。データが失われる可能性があります。
C:\Users\555\Documents\Visual Studio 2010\Projects\on4d_GLX\on4d_GLr2\engine3dGL.cpp(225,44): warning C4244: '=': 'double' から 'float' への変換です。データが失われる可能性があります。
C:\Users\555\Documents\Visual Studio 2010\Projects\on4d_GLX\on4d_GLr2\engine3dGL.cpp(728,20): warning C4018: '<': signed と unsigned の数値を比較しようとしました。
  engine3dWin.cpp
C:\Users\555\Documents\Visual Studio 2010\Projects\on4d_GLX\on4d_GLr2\constants.h(5,1): warning C4005: 'MAX_PATH': マクロが再定義されました。
C:\Program Files (x86)\Windows Kits\10\Include\10.0.17763.0\shared\minwindef.h(60): message : 'MAX_PATH' の以前の定義を確認してください
  functions.cpp
C:\Program Files (x86)\Windows Kits\10\Include\10.0.17763.0\shared\minwindef.h(60,1): warning C4005: 'MAX_PATH': マクロが再定義されました。
C:\Users\555\Documents\Visual Studio 2010\Projects\on4d_GLX\on4d_GLr2\constants.h(5): message : 'MAX_PATH' の以前の定義を確認してください
  GL_Func.cpp
  rcFunc.cpp
C:\Users\555\Documents\Visual Studio 2010\Projects\on4d_GLX\on4d_GLr2\constants.h(5,1): warning C4005: 'MAX_PATH': マクロが再定義されました。
C:\Program Files (x86)\Windows Kits\10\Include\10.0.17763.0\shared\minwindef.h(60): message : 'MAX_PATH' の以前の定義を確認してください
C:\Users\555\Documents\Visual Studio 2010\Projects\on4d_GLX\on4d_GLr2\rcFunc.cpp(62,8): warning C4101: 'itemName': ローカル変数は 1 度も使われていません。
  objs.cpp
C:\Users\555\Documents\Visual Studio 2010\Projects\on4d_GLX\on4d_GLr2\objs.cpp(23,16): warning C4018: '<': signed と unsigned の数値を比較しようとしました。
C:\Users\555\Documents\Visual Studio 2010\Projects\on4d_GLX\on4d_GLr2\objs.cpp(169,41): warning C4996: 'strcpy': This function or variable may be unsafe. Consider using strcpy_s instead. To disable deprecation, use _CRT_SECURE_NO_WARNINGS. See online help for details.
C:\Users\555\Documents\Visual Studio 2010\Projects\on4d_GLX\on4d_GLr2\objs.cpp(213,5): warning C4996: 'strcpy': This function or variable may be unsafe. Consider using strcpy_s instead. To disable deprecation, use _CRT_SECURE_NO_WARNINGS. See online help for details.
C:\Users\555\Documents\Visual Studio 2010\Projects\on4d_GLX\on4d_GLr2\objs.cpp(218,5): warning C4996: 'strcpy': This function or variable may be unsafe. Consider using strcpy_s instead. To disable deprecation, use _CRT_SECURE_NO_WARNINGS. See online help for details.
C:\Users\555\Documents\Visual Studio 2010\Projects\on4d_GLX\on4d_GLr2\objs.cpp(367,16): warning C4018: '<': signed と unsigned の数値を比較しようとしました。
C:\Users\555\Documents\Visual Studio 2010\Projects\on4d_GLX\on4d_GLr2\objs.cpp(375,16): warning C4018: '<': signed と unsigned の数値を比較しようとしました。
C:\Users\555\Documents\Visual Studio 2010\Projects\on4d_GLX\on4d_GLr2\objs.cpp(153,11): warning C4996: 'fopen': This function or variable may be unsafe. Consider using fopen_s instead. To disable deprecation, use _CRT_SECURE_NO_WARNINGS. See online help for details.
C:\Users\555\Documents\Visual Studio 2010\Projects\on4d_GLX\on4d_GLr2\objs.cpp(163,9): warning C4996: 'strtok': This function or variable may be unsafe. Consider using strtok_s instead. To disable deprecation, use _CRT_SECURE_NO_WARNINGS. See online help for details.
C:\Users\555\Documents\Visual Studio 2010\Projects\on4d_GLX\on4d_GLr2\objs.cpp(164,14): warning C4996: 'strtok': This function or variable may be unsafe. Consider using strtok_s instead. To disable deprecation, use _CRT_SECURE_NO_WARNINGS. See online help for details.
C:\Users\555\Documents\Visual Studio 2010\Projects\on4d_GLX\on4d_GLr2\objs.cpp(178,13): warning C4996: 'fopen': This function or variable may be unsafe. Consider using fopen_s instead. To disable deprecation, use _CRT_SECURE_NO_WARNINGS. See online help for details.
C:\Users\555\Documents\Visual Studio 2010\Projects\on4d_GLX\on4d_GLr2\objs.cpp(232,10): warning C4996: 'strtok': This function or variable may be unsafe. Consider using strtok_s instead. To disable deprecation, use _CRT_SECURE_NO_WARNINGS. See online help for details.
C:\Users\555\Documents\Visual Studio 2010\Projects\on4d_GLX\on4d_GLr2\objs.cpp(234,10): warning C4996: 'strtok': This function or variable may be unsafe. Consider using strtok_s instead. To disable deprecation, use _CRT_SECURE_NO_WARNINGS. See online help for details.
C:\Users\555\Documents\Visual Studio 2010\Projects\on4d_GLX\on4d_GLr2\objs.cpp(236,10): warning C4996: 'strtok': This function or variable may be unsafe. Consider using strtok_s instead. To disable deprecation, use _CRT_SECURE_NO_WARNINGS. See online help for details.
C:\Users\555\Documents\Visual Studio 2010\Projects\on4d_GLX\on4d_GLr2\objs.cpp(239,10): warning C4996: 'strtok': This function or variable may be unsafe. Consider using strtok_s instead. To disable deprecation, use _CRT_SECURE_NO_WARNINGS. See online help for details.
C:\Users\555\Documents\Visual Studio 2010\Projects\on4d_GLX\on4d_GLr2\objs.cpp(241,10): warning C4996: 'strtok': This function or variable may be unsafe. Consider using strtok_s instead. To disable deprecation, use _CRT_SECURE_NO_WARNINGS. See online help for details.
C:\Users\555\Documents\Visual Studio 2010\Projects\on4d_GLX\on4d_GLr2\objs.cpp(243,10): warning C4996: 'strtok': This function or variable may be unsafe. Consider using strtok_s instead. To disable deprecation, use _CRT_SECURE_NO_WARNINGS. See online help for details.
C:\Users\555\Documents\Visual Studio 2010\Projects\on4d_GLX\on4d_GLr2\objs.cpp(249,9): warning C4996: 'strtok': This function or variable may be unsafe. Consider using strtok_s instead. To disable deprecation, use _CRT_SECURE_NO_WARNINGS. See online help for details.
C:\Users\555\Documents\Visual Studio 2010\Projects\on4d_GLX\on4d_GLr2\objs.cpp(251,9): warning C4996: 'strtok': This function or variable may be unsafe. Consider using strtok_s instead. To disable deprecation, use _CRT_SECURE_NO_WARNINGS. See online help for details.
C:\Users\555\Documents\Visual Studio 2010\Projects\on4d_GLX\on4d_GLr2\objs.cpp(256,9): warning C4996: 'strtok': This function or variable may be unsafe. Consider using strtok_s instead. To disable deprecation, use _CRT_SECURE_NO_WARNINGS. See online help for details.
C:\Users\555\Documents\Visual Studio 2010\Projects\on4d_GLX\on4d_GLr2\objs.cpp(258,9): warning C4996: 'strtok': This function or variable may be unsafe. Consider using strtok_s instead. To disable deprecation, use _CRT_SECURE_NO_WARNINGS. See online help for details.
C:\Users\555\Documents\Visual Studio 2010\Projects\on4d_GLX\on4d_GLr2\objs.cpp(278,21): warning C4996: 'strtok': This function or variable may be unsafe. Consider using strtok_s instead. To disable deprecation, use _CRT_SECURE_NO_WARNINGS. See online help for details.
C:\Users\555\Documents\Visual Studio 2010\Projects\on4d_GLX\on4d_GLr2\objs.cpp(279,16): warning C4996: 'strtok': This function or variable may be unsafe. Consider using strtok_s instead. To disable deprecation, use _CRT_SECURE_NO_WARNINGS. See online help for details.
C:\Users\555\Documents\Visual Studio 2010\Projects\on4d_GLX\on4d_GLr2\objs.cpp(286,11): warning C4996: 'strtok': This function or variable may be unsafe. Consider using strtok_s instead. To disable deprecation, use _CRT_SECURE_NO_WARNINGS. See online help for details.
C:\Users\555\Documents\Visual Studio 2010\Projects\on4d_GLX\on4d_GLr2\objs.cpp(288,11): warning C4996: 'strtok': This function or variable may be unsafe. Consider using strtok_s instead. To disable deprecation, use _CRT_SECURE_NO_WARNINGS. See online help for details.
C:\Users\555\Documents\Visual Studio 2010\Projects\on4d_GLX\on4d_GLr2\objs.cpp(290,11): warning C4996: 'strtok': This function or variable may be unsafe. Consider using strtok_s instead. To disable deprecation, use _CRT_SECURE_NO_WARNINGS. See online help for details.
C:\Users\555\Documents\Visual Studio 2010\Projects\on4d_GLX\on4d_GLr2\objs.cpp(301,9): warning C4996: 'strtok': This function or variable may be unsafe. Consider using strtok_s instead. To disable deprecation, use _CRT_SECURE_NO_WARNINGS. See online help for details.
C:\Users\555\Documents\Visual Studio 2010\Projects\on4d_GLX\on4d_GLr2\objs.cpp(306,36): warning C4996: 'strtok': This function or variable may be unsafe. Consider using strtok_s instead. To disable deprecation, use _CRT_SECURE_NO_WARNINGS. See online help for details.
C:\Users\555\Documents\Visual Studio 2010\Projects\on4d_GLX\on4d_GLr2\objs.cpp(307,36): warning C4996: 'strtok': This function or variable may be unsafe. Consider using strtok_s instead. To disable deprecation, use _CRT_SECURE_NO_WARNINGS. See online help for details.
C:\Users\555\Documents\Visual Studio 2010\Projects\on4d_GLX\on4d_GLr2\objs.cpp(309,9): warning C4996: 'strtok': This function or variable may be unsafe. Consider using strtok_s instead. To disable deprecation, use _CRT_SECURE_NO_WARNINGS. See online help for details.
C:\Users\555\Documents\Visual Studio 2010\Projects\on4d_GLX\on4d_GLr2\objs.cpp(311,36): warning C4996: 'strtok': This function or variable may be unsafe. Consider using strtok_s instead. To disable deprecation, use _CRT_SECURE_NO_WARNINGS. See online help for details.
C:\Users\555\Documents\Visual Studio 2010\Projects\on4d_GLX\on4d_GLr2\objs.cpp(312,36): warning C4996: 'strtok': This function or variable may be unsafe. Consider using strtok_s instead. To disable deprecation, use _CRT_SECURE_NO_WARNINGS. See online help for details.
C:\Users\555\Documents\Visual Studio 2010\Projects\on4d_GLX\on4d_GLr2\objs.cpp(314,9): warning C4996: 'strtok': This function or variable may be unsafe. Consider using strtok_s instead. To disable deprecation, use _CRT_SECURE_NO_WARNINGS. See online help for details.
C:\Users\555\Documents\Visual Studio 2010\Projects\on4d_GLX\on4d_GLr2\objs.cpp(317,36): warning C4996: 'strtok': This function or variable may be unsafe. Consider using strtok_s instead. To disable deprecation, use _CRT_SECURE_NO_WARNINGS. See online help for details.
C:\Users\555\Documents\Visual Studio 2010\Projects\on4d_GLX\on4d_GLr2\objs.cpp(318,36): warning C4996: 'strtok': This function or variable may be unsafe. Consider using strtok_s instead. To disable deprecation, use _CRT_SECURE_NO_WARNINGS. See online help for details.
C:\Users\555\Documents\Visual Studio 2010\Projects\on4d_GLX\on4d_GLr2\objs.cpp(322,10): warning C4996: 'strtok': This function or variable may be unsafe. Consider using strtok_s instead. To disable deprecation, use _CRT_SECURE_NO_WARNINGS. See online help for details.
C:\Users\555\Documents\Visual Studio 2010\Projects\on4d_GLX\on4d_GLr2\objs.cpp(329,37): warning C4996: 'strtok': This function or variable may be unsafe. Consider using strtok_s instead. To disable deprecation, use _CRT_SECURE_NO_WARNINGS. See online help for details.
C:\Users\555\Documents\Visual Studio 2010\Projects\on4d_GLX\on4d_GLr2\objs.cpp(330,37): warning C4996: 'strtok': This function or variable may be unsafe. Consider using strtok_s instead. To disable deprecation, use _CRT_SECURE_NO_WARNINGS. See online help for details.
C:\Users\555\Documents\Visual Studio 2010\Projects\on4d_GLX\on4d_GLr2\objs.cpp(331,37): warning C4996: 'strtok': This function or variable may be unsafe. Consider using strtok_s instead. To disable deprecation, use _CRT_SECURE_NO_WARNINGS. See online help for details.
C:\Users\555\Documents\Visual Studio 2010\Projects\on4d_GLX\on4d_GLr2\objs.cpp(332,37): warning C4996: 'strtok': This function or variable may be unsafe. Consider using strtok_s instead. To disable deprecation, use _CRT_SECURE_NO_WARNINGS. See online help for details.
C:\Users\555\Documents\Visual Studio 2010\Projects\on4d_GLX\on4d_GLr2\objs.cpp(333,37): warning C4996: 'strtok': This function or variable may be unsafe. Consider using strtok_s instead. To disable deprecation, use _CRT_SECURE_NO_WARNINGS. See online help for details.
C:\Users\555\Documents\Visual Studio 2010\Projects\on4d_GLX\on4d_GLr2\objs.cpp(334,37): warning C4996: 'strtok': This function or variable may be unsafe. Consider using strtok_s instead. To disable deprecation, use _CRT_SECURE_NO_WARNINGS. See online help for details.
  shader.cpp
  to3d.cpp
C:\Users\555\Documents\Visual Studio 2010\Projects\on4d_GLX\on4d_GLr2\constants.h(5,1): warning C4005: 'MAX_PATH': マクロが再定義されました。
C:\Program Files (x86)\Windows Kits\10\Include\10.0.17763.0\shared\minwindef.h(60): message : 'MAX_PATH' の以前の定義を確認してください
C:\Users\555\Documents\Visual Studio 2010\Projects\on4d_GLX\on4d_GLr2\to3d.cpp(193,23): warning C4018: '<': signed と unsigned の数値を比較しようとしました。
C:\Users\555\Documents\Visual Studio 2010\Projects\on4d_GLX\on4d_GLr2\to3d.cpp(197,11): warning C4018: '<': signed と unsigned の数値を比較しようとしました。
  コード生成しています。
  Previous IPDB not found, fall back to full compilation.
  All 905 functions were compiled because no usable IPDB/IOBJ from previous compilation was found.
  コード生成が終了しました。
  on4d_GLr2.vcxproj -> C:\Users\555\Documents\Visual Studio 2010\Projects\on4d_GLX\Release\on4d_GLr3.exe
