  draw3GL4.cpp
C:\Users\555\Documents\Visual Studio 2010\Projects\on4d_GLX\on4d_GLr2\draw3GL4.cpp(35,44): warning C4305: '引数': 'double' から 'GLclampf' へ切り詰めます。
C:\Users\555\Documents\Visual Studio 2010\Projects\on4d_GLX\on4d_GLr2\draw3GL4.cpp(44,57): warning C4244: '引数': 'double' から 'GLfloat' への変換です。データが失われる可能性があります。
C:\Users\555\Documents\Visual Studio 2010\Projects\on4d_GLX\on4d_GLr2\draw3GL4.cpp(44,48): warning C4244: '引数': 'double' から 'GLfloat' への変換です。データが失われる可能性があります。
C:\Users\555\Documents\Visual Studio 2010\Projects\on4d_GLX\on4d_GLr2\draw3GL4.cpp(49,57): warning C4244: '引数': 'double' から 'GLfloat' への変換です。データが失われる可能性があります。
C:\Users\555\Documents\Visual Studio 2010\Projects\on4d_GLX\on4d_GLr2\draw3GL4.cpp(49,48): warning C4244: '引数': 'double' から 'GLfloat' への変換です。データが失われる可能性があります。
C:\Users\555\Documents\Visual Studio 2010\Projects\on4d_GLX\on4d_GLr2\draw3GL4.cpp(52,57): warning C4244: '引数': 'double' から 'GLfloat' への変換です。データが失われる可能性があります。
C:\Users\555\Documents\Visual Studio 2010\Projects\on4d_GLX\on4d_GLr2\draw3GL4.cpp(52,48): warning C4244: '引数': 'double' から 'GLfloat' への変換です。データが失われる可能性があります。
C:\Users\555\Documents\Visual Studio 2010\Projects\on4d_GLX\on4d_GLr2\draw3GL4.cpp(80,54): warning C4244: '引数': 'double' から 'GLfloat' への変換です。データが失われる可能性があります。
C:\Users\555\Documents\Visual Studio 2010\Projects\on4d_GLX\on4d_GLr2\draw3GL4.cpp(80,46): warning C4244: '引数': 'double' から 'GLfloat' への変換です。データが失われる可能性があります。
C:\Users\555\Documents\Visual Studio 2010\Projects\on4d_GLX\on4d_GLr2\draw3GL4.cpp(80,38): warning C4244: '引数': 'double' から 'GLfloat' への変換です。データが失われる可能性があります。
C:\Users\555\Documents\Visual Studio 2010\Projects\on4d_GLX\on4d_GLr2\draw3GL4.cpp(123,61): warning C4244: '引数': 'double' から 'GLfloat' への変換です。データが失われる可能性があります。
C:\Users\555\Documents\Visual Studio 2010\Projects\on4d_GLX\on4d_GLr2\draw3GL4.cpp(123,46): warning C4244: '引数': 'double' から 'GLfloat' への変換です。データが失われる可能性があります。
C:\Users\555\Documents\Visual Studio 2010\Projects\on4d_GLX\on4d_GLr2\draw3GL4.cpp(123,31): warning C4244: '引数': 'double' から 'GLfloat' への変換です。データが失われる可能性があります。
C:\Users\555\Documents\Visual Studio 2010\Projects\on4d_GLX\on4d_GLr2\draw3GL4.cpp(125,70): warning C4244: '引数': 'double' から 'GLfloat' への変換です。データが失われる可能性があります。
C:\Users\555\Documents\Visual Studio 2010\Projects\on4d_GLX\on4d_GLr2\draw3GL4.cpp(125,52): warning C4244: '引数': 'double' から 'GLfloat' への変換です。データが失われる可能性があります。
C:\Users\555\Documents\Visual Studio 2010\Projects\on4d_GLX\on4d_GLr2\draw3GL4.cpp(125,34): warning C4244: '引数': 'double' から 'GLfloat' への変換です。データが失われる可能性があります。
C:\Users\555\Documents\Visual Studio 2010\Projects\on4d_GLX\on4d_GLr2\draw3GL4.cpp(127,64): warning C4244: '引数': 'double' から 'GLfloat' への変換です。データが失われる可能性があります。
C:\Users\555\Documents\Visual Studio 2010\Projects\on4d_GLX\on4d_GLr2\draw3GL4.cpp(127,48): warning C4244: '引数': 'double' から 'GLfloat' への変換です。データが失われる可能性があります。
C:\Users\555\Documents\Visual Studio 2010\Projects\on4d_GLX\on4d_GLr2\draw3GL4.cpp(127,32): warning C4244: '引数': 'double' から 'GLfloat' への変換です。データが失われる可能性があります。
C:\Users\555\Documents\Visual Studio 2010\Projects\on4d_GLX\on4d_GLr2\draw3GL4.cpp(208,61): warning C4244: '引数': 'double' から 'GLfloat' への変換です。データが失われる可能性があります。
C:\Users\555\Documents\Visual Studio 2010\Projects\on4d_GLX\on4d_GLr2\draw3GL4.cpp(208,46): warning C4244: '引数': 'double' から 'GLfloat' への変換です。データが失われる可能性があります。
C:\Users\555\Documents\Visual Studio 2010\Projects\on4d_GLX\on4d_GLr2\draw3GL4.cpp(208,31): warning C4244: '引数': 'double' から 'GLfloat' への変換です。データが失われる可能性があります。
C:\Users\555\Documents\Visual Studio 2010\Projects\on4d_GLX\on4d_GLr2\draw3GL4.cpp(210,70): warning C4244: '引数': 'double' から 'GLfloat' への変換です。データが失われる可能性があります。
C:\Users\555\Documents\Visual Studio 2010\Projects\on4d_GLX\on4d_GLr2\draw3GL4.cpp(210,52): warning C4244: '引数': 'double' から 'GLfloat' への変換です。データが失われる可能性があります。
C:\Users\555\Documents\Visual Studio 2010\Projects\on4d_GLX\on4d_GLr2\draw3GL4.cpp(210,34): warning C4244: '引数': 'double' から 'GLfloat' への変換です。データが失われる可能性があります。
C:\Users\555\Documents\Visual Studio 2010\Projects\on4d_GLX\on4d_GLr2\draw3GL4.cpp(212,64): warning C4244: '引数': 'double' から 'GLfloat' への変換です。データが失われる可能性があります。
C:\Users\555\Documents\Visual Studio 2010\Projects\on4d_GLX\on4d_GLr2\draw3GL4.cpp(212,48): warning C4244: '引数': 'double' から 'GLfloat' への変換です。データが失われる可能性があります。
C:\Users\555\Documents\Visual Studio 2010\Projects\on4d_GLX\on4d_GLr2\draw3GL4.cpp(212,32): warning C4244: '引数': 'double' から 'GLfloat' への変換です。データが失われる可能性があります。
C:\Users\555\Documents\Visual Studio 2010\Projects\on4d_GLX\on4d_GLr2\draw3GL4.cpp(345,13): warning C4244: '初期化中': 'double' から 'float' への変換です。データが失われる可能性があります。
C:\Users\555\Documents\Visual Studio 2010\Projects\on4d_GLX\on4d_GLr2\draw3GL4.cpp(405,32): warning C4018: '<': signed と unsigned の数値を比較しようとしました。
C:\Users\555\Documents\Visual Studio 2010\Projects\on4d_GLX\on4d_GLr2\draw3GL4.cpp(411,15): warning C4018: '<': signed と unsigned の数値を比較しようとしました。
C:\Users\555\Documents\Visual Studio 2010\Projects\on4d_GLX\on4d_GLr2\draw3GL4.cpp(476,58): warning C4244: '引数': 'double' から 'GLfloat' への変換です。データが失われる可能性があります。
C:\Users\555\Documents\Visual Studio 2010\Projects\on4d_GLX\on4d_GLr2\draw3GL4.cpp(476,49): warning C4244: '引数': 'double' から 'GLfloat' への変換です。データが失われる可能性があります。
C:\Users\555\Documents\Visual Studio 2010\Projects\on4d_GLX\on4d_GLr2\draw3GL4.cpp(476,31): warning C4244: '引数': 'double' から 'GLfloat' への変換です。データが失われる可能性があります。
C:\Users\555\Documents\Visual Studio 2010\Projects\on4d_GLX\on4d_GLr2\draw3GL4.cpp(488,29): warning C4305: '初期化中': 'double' から 'float' へ切り詰めます。
C:\Users\555\Documents\Visual Studio 2010\Projects\on4d_GLX\on4d_GLr2\draw3GL4.cpp(490,49): warning C4305: '初期化中': 'double' から 'float' へ切り詰めます。
C:\Users\555\Documents\Visual Studio 2010\Projects\on4d_GLX\on4d_GLr2\draw3GL4.cpp(491,52): warning C4305: '初期化中': 'double' から 'float' へ切り詰めます。
  GLM: perspective function taking degrees as a parameter is deprecated. #define GLM_FORCE_RADIANS before including GLM headers to remove this message.
  to3d.cpp
C:\Users\555\Documents\Visual Studio 2010\Projects\on4d_GLX\on4d_GLr2\constants.h(5,1): warning C4005: 'MAX_PATH': マクロが再定義されました。
C:\Program Files (x86)\Windows Kits\10\Include\10.0.17763.0\shared\minwindef.h(60): message : 'MAX_PATH' の以前の定義を確認してください
C:\Users\555\Documents\Visual Studio 2010\Projects\on4d_GLX\on4d_GLr2\to3d.cpp(193,23): warning C4018: '<': signed と unsigned の数値を比較しようとしました。
C:\Users\555\Documents\Visual Studio 2010\Projects\on4d_GLX\on4d_GLr2\to3d.cpp(197,11): warning C4018: '<': signed と unsigned の数値を比較しようとしました。
  コードを生成中...
  on4d_GLr2.vcxproj -> C:\Users\555\Documents\Visual Studio 2010\Projects\on4d_GLX\x64\Debug\on4d_GLr3.exe
